<?xml version="1.0" encoding="UTF-8"?>
<!-- Generated by org.testng.reporters.JUnitXMLReporter -->
<testsuite hostname="RAKSHITHAs-MacBook-Air.local" ignored="3" name="Default test" tests="1" failures="0" timestamp="2022-04-02T18:42:09 IST" time="29.555" errors="0">
  <testcase name="LoginFailureTest" time="10.848" classname="testcases.LoginTest"/>
  <testcase name="ParametereizedTest" time="0.0" classname="testcases.LoginTest">
    <ignored/>
  </testcase> <!-- ParametereizedTest -->
  <testcase name="ExternalData" time="0.0" classname="testcases.LoginTest">
    <ignored/>
  </testcase> <!-- ExternalData -->
  <testcase name="LoginSuccessTest" time="0.0" classname="testcases.LoginTest">
    <ignored/>
  </testcase> <!-- LoginSuccessTest -->
</testsuite> <!-- Default test -->
