<?xml version="1.0" encoding="UTF-8"?>
<!-- Generated by org.testng.reporters.JUnitXMLReporter -->
<testsuite ignored="0" hostname="RAKSHITHAs-MacBook-Air.local" failures="0" tests="3" name="Test" time="42.228" errors="0" timestamp="2022-03-29T13:08:34 IST">
  <testcase classname="testcases.LoginTest" name="LoginFailureTest" time="9.016"/>
  <testcase classname="testcases.LoginTest" name="LoginSuccessTest" time="9.751"/>
  <testcase classname="testcases.LoginTest" name="ParametereizedTest" time="9.885"/>
</testsuite> <!-- Test -->
