-------------------------------------------------------------------------------
Test set: TestSuite
-------------------------------------------------------------------------------
Tests run: 4, Failures: 1, Errors: 0, Skipped: 0, Time elapsed: 71.333 s <<< FAILURE! - in TestSuite
testcases.LoginTest.ExternalData  Time elapsed: 6.584 s  <<< FAILURE!
java.lang.NullPointerException: Cannot invoke "com.relevantcodes.extentreports.ExtentTest.log(com.relevantcodes.extentreports.LogStatus, String, String)" because "this.test" is null
	at testcases.LoginTest.ExternalData(LoginTest.java:77)

