<?xml version="1.0" encoding="UTF-8"?>
<testng-results ignored="0" total="4" passed="3" failed="1" skipped="0">
  <reporter-output>
  </reporter-output>
  <suite started-at="2022-04-13T15:04:58 IST" name="Suite" finished-at="2022-04-13T15:06:09 IST" duration-ms="71002">
    <groups>
    </groups>
    <test started-at="2022-04-13T15:04:58 IST" name="Test" finished-at="2022-04-13T15:06:09 IST" duration-ms="71002">
      <class name="testcases.LoginTest">
        <test-method is-config="true" signature="DataSetUp()[pri:0, instance:testcases.LoginTest@16aa0a0a]" started-at="2022-04-13T15:04:58 IST" name="DataSetUp" finished-at="2022-04-13T15:04:59 IST" duration-ms="286" status="PASS">
          <reporter-output>
          </reporter-output>
        </test-method> <!-- DataSetUp -->
        <test-method is-config="true" signature="setup()[pri:0, instance:testcases.LoginTest@16aa0a0a]" started-at="2022-04-13T15:04:59 IST" name="setup" finished-at="2022-04-13T15:05:08 IST" duration-ms="9304" status="PASS">
          <reporter-output>
          </reporter-output>
        </test-method> <!-- setup -->
        <test-method signature="ExternalData()[pri:0, instance:testcases.LoginTest@16aa0a0a]" started-at="2022-04-13T15:05:08 IST" name="ExternalData" finished-at="2022-04-13T15:05:14 IST" duration-ms="6588" status="FAIL">
          <exception class="java.lang.NullPointerException">
            <message>
              <![CDATA[Cannot invoke "com.relevantcodes.extentreports.ExtentTest.log(com.relevantcodes.extentreports.LogStatus, String, String)" because "this.test" is null]]>
            </message>
            <full-stacktrace>
              <![CDATA[java.lang.NullPointerException: Cannot invoke "com.relevantcodes.extentreports.ExtentTest.log(com.relevantcodes.extentreports.LogStatus, String, String)" because "this.test" is null
at pages.LoginPage.LoginFunction(LoginPage.java:50)
at testcases.LoginTest.ExternalData(LoginTest.java:77)
at java.base/jdk.internal.reflect.DirectMethodHandleAccessor.invoke(DirectMethodHandleAccessor.java:104)
at java.base/java.lang.reflect.Method.invoke(Method.java:577)
at org.testng.internal.invokers.MethodInvocationHelper.invokeMethod(MethodInvocationHelper.java:135)
at org.testng.internal.invokers.TestInvoker.invokeMethod(TestInvoker.java:673)
at org.testng.internal.invokers.TestInvoker.invokeTestMethod(TestInvoker.java:220)
at org.testng.internal.invokers.MethodRunner.runInSequence(MethodRunner.java:50)
at org.testng.internal.invokers.TestInvoker$MethodInvocationAgent.invoke(TestInvoker.java:945)
at org.testng.internal.invokers.TestInvoker.invokeTestMethods(TestInvoker.java:193)
at org.testng.internal.invokers.TestMethodWorker.invokeTestMethods(TestMethodWorker.java:146)
at org.testng.internal.invokers.TestMethodWorker.run(TestMethodWorker.java:128)
at java.base/java.util.ArrayList.forEach(ArrayList.java:1511)
at org.testng.TestRunner.privateRun(TestRunner.java:808)
at org.testng.TestRunner.run(TestRunner.java:603)
at org.testng.SuiteRunner.runTest(SuiteRunner.java:429)
at org.testng.SuiteRunner.runSequentially(SuiteRunner.java:423)
at org.testng.SuiteRunner.privateRun(SuiteRunner.java:383)
at org.testng.SuiteRunner.run(SuiteRunner.java:326)
at org.testng.SuiteRunnerWorker.runSuite(SuiteRunnerWorker.java:52)
at org.testng.SuiteRunnerWorker.run(SuiteRunnerWorker.java:95)
at org.testng.TestNG.runSuitesSequentially(TestNG.java:1249)
at org.testng.TestNG.runSuitesLocally(TestNG.java:1169)
at org.testng.TestNG.runSuites(TestNG.java:1092)
at org.testng.TestNG.run(TestNG.java:1060)
at org.apache.maven.surefire.testng.TestNGExecutor.run(TestNGExecutor.java:284)
at org.apache.maven.surefire.testng.TestNGXmlTestSuite.execute(TestNGXmlTestSuite.java:75)
at org.apache.maven.surefire.testng.TestNGProvider.invoke(TestNGProvider.java:119)
at org.apache.maven.surefire.booter.ForkedBooter.runSuitesInProcess(ForkedBooter.java:428)
at org.apache.maven.surefire.booter.ForkedBooter.execute(ForkedBooter.java:162)
at org.apache.maven.surefire.booter.ForkedBooter.run(ForkedBooter.java:562)
at org.apache.maven.surefire.booter.ForkedBooter.main(ForkedBooter.java:548)
]]>
            </full-stacktrace>
          </exception> <!-- java.lang.NullPointerException -->
          <reporter-output>
          </reporter-output>
        </test-method> <!-- ExternalData -->
        <test-method is-config="true" signature="teardown()[pri:0, instance:testcases.LoginTest@16aa0a0a]" started-at="2022-04-13T15:05:14 IST" name="teardown" finished-at="2022-04-13T15:05:15 IST" duration-ms="99" status="PASS">
          <reporter-output>
          </reporter-output>
        </test-method> <!-- teardown -->
        <test-method is-config="true" signature="setup()[pri:0, instance:testcases.LoginTest@16aa0a0a]" started-at="2022-04-13T15:05:15 IST" name="setup" finished-at="2022-04-13T15:05:23 IST" duration-ms="8885" status="PASS">
          <reporter-output>
          </reporter-output>
        </test-method> <!-- setup -->
        <test-method signature="LoginFailureTest()[pri:0, instance:testcases.LoginTest@16aa0a0a]" started-at="2022-04-13T15:05:23 IST" name="LoginFailureTest" finished-at="2022-04-13T15:05:33 IST" duration-ms="9754" status="PASS">
          <reporter-output>
          </reporter-output>
        </test-method> <!-- LoginFailureTest -->
        <test-method is-config="true" signature="teardown()[pri:0, instance:testcases.LoginTest@16aa0a0a]" started-at="2022-04-13T15:05:33 IST" name="teardown" finished-at="2022-04-13T15:05:33 IST" duration-ms="83" status="PASS">
          <reporter-output>
          </reporter-output>
        </test-method> <!-- teardown -->
        <test-method is-config="true" signature="setup()[pri:0, instance:testcases.LoginTest@16aa0a0a]" started-at="2022-04-13T15:05:33 IST" name="setup" finished-at="2022-04-13T15:05:42 IST" duration-ms="9114" status="PASS">
          <reporter-output>
          </reporter-output>
        </test-method> <!-- setup -->
        <test-method signature="LoginSuccessTest()[pri:0, instance:testcases.LoginTest@16aa0a0a]" started-at="2022-04-13T15:05:42 IST" name="LoginSuccessTest" finished-at="2022-04-13T15:05:51 IST" duration-ms="8193" status="PASS">
          <reporter-output>
          </reporter-output>
        </test-method> <!-- LoginSuccessTest -->
        <test-method is-config="true" signature="teardown()[pri:0, instance:testcases.LoginTest@16aa0a0a]" started-at="2022-04-13T15:05:51 IST" name="teardown" finished-at="2022-04-13T15:05:51 IST" duration-ms="106" status="PASS">
          <reporter-output>
          </reporter-output>
        </test-method> <!-- teardown -->
        <test-method is-config="true" signature="setup()[pri:0, instance:testcases.LoginTest@16aa0a0a]" started-at="2022-04-13T15:05:51 IST" name="setup" finished-at="2022-04-13T15:06:00 IST" duration-ms="9405" status="PASS">
          <reporter-output>
          </reporter-output>
        </test-method> <!-- setup -->
        <test-method signature="ParametereizedTest(java.lang.String,java.lang.String)[pri:0, instance:testcases.LoginTest@16aa0a0a]" started-at="2022-04-13T15:06:00 IST" name="ParametereizedTest" finished-at="2022-04-13T15:06:09 IST" duration-ms="8977" status="PASS">
          <params>
            <param index="0">
              <value>
                <![CDATA[xyz@abc.com]]>
              </value>
            </param>
            <param index="1">
              <value>
                <![CDATA[Abc@12345]]>
              </value>
            </param>
          </params>
          <reporter-output>
          </reporter-output>
        </test-method> <!-- ParametereizedTest -->
        <test-method is-config="true" signature="teardown()[pri:0, instance:testcases.LoginTest@16aa0a0a]" started-at="2022-04-13T15:06:09 IST" name="teardown" finished-at="2022-04-13T15:06:09 IST" duration-ms="85" status="PASS">
          <reporter-output>
          </reporter-output>
        </test-method> <!-- teardown -->
        <test-method is-config="true" signature="DataTearDown()[pri:0, instance:testcases.LoginTest@16aa0a0a]" started-at="2022-04-13T15:06:09 IST" name="DataTearDown" finished-at="2022-04-13T15:06:09 IST" duration-ms="104" status="PASS">
          <reporter-output>
          </reporter-output>
        </test-method> <!-- DataTearDown -->
      </class> <!-- testcases.LoginTest -->
    </test> <!-- Test -->
  </suite> <!-- Suite -->
</testng-results>
