<?xml version="1.0" encoding="UTF-8"?>
<testng-results skipped="0" failed="0" ignored="3" total="4" passed="1">
  <reporter-output>
  </reporter-output>
  <suite name="Default suite" duration-ms="29722" started-at="2022-04-02T18:41:39 IST" finished-at="2022-04-02T18:42:09 IST">
    <groups>
    </groups>
    <test name="Default test" duration-ms="29722" started-at="2022-04-02T18:41:39 IST" finished-at="2022-04-02T18:42:09 IST">
      <class name="testcases.LoginTest">
        <test-method status="PASS" signature="DataSetUp()[pri:0, instance:testcases.LoginTest@66d1af89]" name="DataSetUp" is-config="true" duration-ms="836" started-at="2022-04-02T18:41:39 IST" finished-at="2022-04-02T18:41:40 IST">
          <reporter-output>
          </reporter-output>
        </test-method> <!-- DataSetUp -->
        <test-method status="PASS" signature="setup()[pri:0, instance:testcases.LoginTest@66d1af89]" name="setup" is-config="true" duration-ms="17070" started-at="2022-04-02T18:41:40 IST" finished-at="2022-04-02T18:41:57 IST">
          <reporter-output>
          </reporter-output>
        </test-method> <!-- setup -->
        <test-method status="PASS" signature="LoginFailureTest()[pri:0, instance:testcases.LoginTest@66d1af89]" name="LoginFailureTest" duration-ms="11376" started-at="2022-04-02T18:41:57 IST" finished-at="2022-04-02T18:42:09 IST">
          <reporter-output>
          </reporter-output>
        </test-method> <!-- LoginFailureTest -->
        <test-method status="PASS" signature="teardown()[pri:0, instance:testcases.LoginTest@66d1af89]" name="teardown" is-config="true" duration-ms="99" started-at="2022-04-02T18:42:09 IST" finished-at="2022-04-02T18:42:09 IST">
          <reporter-output>
          </reporter-output>
        </test-method> <!-- teardown -->
        <test-method status="PASS" signature="DataTearDown()[pri:0, instance:testcases.LoginTest@66d1af89]" name="DataTearDown" is-config="true" duration-ms="281" started-at="2022-04-02T18:42:09 IST" finished-at="2022-04-02T18:42:09 IST">
          <reporter-output>
          </reporter-output>
        </test-method> <!-- DataTearDown -->
      </class> <!-- testcases.LoginTest -->
    </test> <!-- Default test -->
  </suite> <!-- Default suite -->
</testng-results>
